<?xml version="1.0" encoding="UTF-8"?>
<testng-results ignored="0" total="1" passed="1" failed="0" skipped="0">
  <reporter-output>
  </reporter-output>
  <suite started-at="2023-09-01T16:43:32 EDT" name="Default suite" finished-at="2023-09-01T16:44:01 EDT" duration-ms="28834">
    <groups>
    </groups>
    <test started-at="2023-09-01T16:43:32 EDT" name="Default test" finished-at="2023-09-01T16:44:01 EDT" duration-ms="28834">
      <class name="com.lucky.Automation5.amazon">
        <test-method signature="pink()[pri:0, instance:com.lucky.Automation5.amazon@5b1669c0]" started-at="2023-09-01T16:43:32 EDT" name="pink" finished-at="2023-09-01T16:44:01 EDT" duration-ms="28760" status="PASS">
          <reporter-output>
          </reporter-output>
        </test-method> <!-- pink -->
      </class> <!-- com.lucky.Automation5.amazon -->
    </test> <!-- Default test -->
  </suite> <!-- Default suite -->
</testng-results>
